2018-11-23 17:25:07,436 [Worker-3: Loading available Gradle versions] INFO  c.g.t.t.d.PublishedGradleVersions - Gradle version information cache is up-to-date. Trying to read.
2018-11-23 17:28:37,783 [Worker-6: Updating Maven Dependencies] INFO  o.e.m.c.i.l.LifecycleMappingFactory - Using org.eclipse.m2e.jdt.JarLifecycleMapping lifecycle mapping for MavenProject: automation:TestAutomation:0.0.1-SNAPSHOT @ D:\Software\Selenium Tutorial\Nitin Tyagi automation\BDD_Imp\TestAutomation\pom.xml.
2018-11-23 17:28:38,124 [Worker-16: Building workspace] INFO  o.e.m.c.i.l.LifecycleMappingFactory - Using org.eclipse.m2e.jdt.JarLifecycleMapping lifecycle mapping for MavenProject: automation:TestAutomation:0.0.1-SNAPSHOT @ D:\Software\Selenium Tutorial\Nitin Tyagi automation\BDD_Imp\TestAutomation\pom.xml.
2018-11-23 17:28:39,681 [Worker-16: Building workspace] INFO  o.e.m.c.i.embedder.EclipseLogger - Using 'UTF-8' encoding to copy filtered resources.
2018-11-23 17:28:39,681 [Worker-16: Building workspace] INFO  o.e.m.c.i.embedder.EclipseLogger - skip non existing resourceDirectory D:\Software\Selenium Tutorial\Nitin Tyagi automation\BDD_Imp\TestAutomation\src\main\resources
2018-11-23 17:28:39,684 [Worker-16: Building workspace] INFO  o.e.m.c.i.embedder.EclipseLogger - Using 'UTF-8' encoding to copy filtered resources.
2018-11-23 17:28:39,685 [Worker-16: Building workspace] INFO  o.e.m.c.i.embedder.EclipseLogger - skip non existing resourceDirectory D:\Software\Selenium Tutorial\Nitin Tyagi automation\BDD_Imp\TestAutomation\src\test\resources
2018-11-23 17:28:42,123 [Worker-3: Updating Maven Dependencies] INFO  o.e.m.c.i.l.LifecycleMappingFactory - Using org.eclipse.m2e.jdt.JarLifecycleMapping lifecycle mapping for MavenProject: automation:TestAutomation:0.0.1-SNAPSHOT @ D:\Software\Selenium Tutorial\Nitin Tyagi automation\BDD_Imp\TestAutomation\pom.xml.
2018-11-23 17:28:42,442 [Worker-14: Building workspace] INFO  o.e.m.c.i.embedder.EclipseLogger - Using 'UTF-8' encoding to copy filtered resources.
2018-11-23 17:28:42,442 [Worker-14: Building workspace] INFO  o.e.m.c.i.embedder.EclipseLogger - skip non existing resourceDirectory D:\Software\Selenium Tutorial\Nitin Tyagi automation\BDD_Imp\TestAutomation\src\main\resources
2018-11-23 17:28:42,445 [Worker-14: Building workspace] INFO  o.e.m.c.i.embedder.EclipseLogger - Using 'UTF-8' encoding to copy filtered resources.
2018-11-23 17:28:42,446 [Worker-14: Building workspace] INFO  o.e.m.c.i.embedder.EclipseLogger - skip non existing resourceDirectory D:\Software\Selenium Tutorial\Nitin Tyagi automation\BDD_Imp\TestAutomation\src\test\resources
2018-11-23 17:28:44,122 [Worker-6: Building workspace] INFO  o.e.m.c.i.embedder.EclipseLogger - Using 'UTF-8' encoding to copy filtered resources.
2018-11-23 17:28:44,122 [Worker-6: Building workspace] INFO  o.e.m.c.i.embedder.EclipseLogger - skip non existing resourceDirectory D:\Software\Selenium Tutorial\Nitin Tyagi automation\BDD_Imp\TestAutomation\src\main\resources
2018-11-23 17:28:44,124 [Worker-6: Building workspace] INFO  o.e.m.c.i.embedder.EclipseLogger - Using 'UTF-8' encoding to copy filtered resources.
2018-11-23 17:28:44,125 [Worker-6: Building workspace] INFO  o.e.m.c.i.embedder.EclipseLogger - skip non existing resourceDirectory D:\Software\Selenium Tutorial\Nitin Tyagi automation\BDD_Imp\TestAutomation\src\test\resources
2018-11-23 17:29:06,286 [Worker-6: Launching Executing test in D__Software_Selenium Tutorial_Nitin Tyagi automation_BDD_Imp_TestAutomation] INFO  o.e.m.i.launch.MavenLaunchDelegate - D:\Software\Selenium Tutorial\Nitin Tyagi automation\BDD_Imp\TestAutomation
2018-11-23 17:29:06,287 [Worker-6: Launching Executing test in D__Software_Selenium Tutorial_Nitin Tyagi automation_BDD_Imp_TestAutomation] INFO  o.e.m.i.launch.MavenLaunchDelegate -  mvn -B test
2018-11-23 17:29:09,761 [Worker-14: Building workspace] INFO  o.e.m.c.i.embedder.EclipseLogger - Using 'UTF-8' encoding to copy filtered resources.
2018-11-23 17:29:09,761 [Worker-14: Building workspace] INFO  o.e.m.c.i.embedder.EclipseLogger - skip non existing resourceDirectory D:\Software\Selenium Tutorial\Nitin Tyagi automation\BDD_Imp\TestAutomation\src\main\resources
2018-11-23 17:29:09,765 [Worker-14: Building workspace] INFO  o.e.m.c.i.embedder.EclipseLogger - Using 'UTF-8' encoding to copy filtered resources.
2018-11-23 17:29:09,765 [Worker-14: Building workspace] INFO  o.e.m.c.i.embedder.EclipseLogger - skip non existing resourceDirectory D:\Software\Selenium Tutorial\Nitin Tyagi automation\BDD_Imp\TestAutomation\src\test\resources
2018-11-23 17:29:37,132 [Worker-2: Building workspace] INFO  o.e.m.c.i.l.LifecycleMappingFactory - Using org.eclipse.m2e.jdt.JarLifecycleMapping lifecycle mapping for MavenProject: automation:TestAutomation:0.0.1-SNAPSHOT @ D:\Software\Selenium Tutorial\Nitin Tyagi automation\BDD_Imp\TestAutomation\pom.xml.
2018-11-23 17:29:37,411 [Worker-2: Building workspace] INFO  o.e.m.c.i.embedder.EclipseLogger - Using 'UTF-8' encoding to copy filtered resources.
2018-11-23 17:29:37,412 [Worker-2: Building workspace] INFO  o.e.m.c.i.embedder.EclipseLogger - skip non existing resourceDirectory D:\Software\Selenium Tutorial\Nitin Tyagi automation\BDD_Imp\TestAutomation\src\main\resources
2018-11-23 17:29:37,415 [Worker-2: Building workspace] INFO  o.e.m.c.i.embedder.EclipseLogger - Using 'UTF-8' encoding to copy filtered resources.
2018-11-23 17:29:37,415 [Worker-2: Building workspace] INFO  o.e.m.c.i.embedder.EclipseLogger - skip non existing resourceDirectory D:\Software\Selenium Tutorial\Nitin Tyagi automation\BDD_Imp\TestAutomation\src\test\resources
2018-11-23 17:30:37,709 [Worker-7: Launching Executing test in D__Software_Selenium Tutorial_Nitin Tyagi automation_BDD_Imp_TestAutomation] INFO  o.e.m.i.launch.MavenLaunchDelegate - D:\Software\Selenium Tutorial\Nitin Tyagi automation\BDD_Imp\TestAutomation
2018-11-23 17:30:37,709 [Worker-7: Launching Executing test in D__Software_Selenium Tutorial_Nitin Tyagi automation_BDD_Imp_TestAutomation] INFO  o.e.m.i.launch.MavenLaunchDelegate -  mvn -B test
2018-11-23 17:30:37,709 [Worker-7: Launching Executing test in D__Software_Selenium Tutorial_Nitin Tyagi automation_BDD_Imp_TestAutomation] WARN  o.e.m.i.l.MavenLaunchExtensionsSupport - Unknown or unsupported source locator org.eclipse.jdt.internal.launching.sourcelookup.advanced.AdvancedSourceLookupDirector
2018-11-23 17:30:43,686 [Worker-14: Building workspace] INFO  o.e.m.c.i.embedder.EclipseLogger - Using 'UTF-8' encoding to copy filtered resources.
2018-11-23 17:30:43,686 [Worker-14: Building workspace] INFO  o.e.m.c.i.embedder.EclipseLogger - skip non existing resourceDirectory D:\Software\Selenium Tutorial\Nitin Tyagi automation\BDD_Imp\TestAutomation\src\main\resources
2018-11-23 17:30:43,689 [Worker-14: Building workspace] INFO  o.e.m.c.i.embedder.EclipseLogger - Using 'UTF-8' encoding to copy filtered resources.
2018-11-23 17:30:43,689 [Worker-14: Building workspace] INFO  o.e.m.c.i.embedder.EclipseLogger - skip non existing resourceDirectory D:\Software\Selenium Tutorial\Nitin Tyagi automation\BDD_Imp\TestAutomation\src\test\resources
2018-11-23 17:31:52,586 [Worker-0: Loading available Gradle versions] INFO  c.g.t.t.d.PublishedGradleVersions - Gradle version information cache is up-to-date. Trying to read.
2018-11-23 22:05:50,473 [Worker-3: Loading available Gradle versions] INFO  c.g.t.t.d.PublishedGradleVersions - Gradle version information cache is up-to-date. Trying to read.
